<?xml version="1.0" encoding="UTF-8"?>
<testng-results skipped="0" failed="0" ignored="0" total="2" passed="2">
  <reporter-output>
  </reporter-output>
  <suite name="Default suite" duration-ms="112758" started-at="2020-04-24T18:55:12 IST" finished-at="2020-04-24T18:57:04 IST">
    <groups>
      <group name="cucumber">
        <method signature="AbstractTestNGCucumberTests.runScenario(cucumber.api.testng.PickleEventWrapper, cucumber.api.testng.CucumberFeatureWrapper)[pri:0, instance:TestRunner.TestRun@6ebc05a6]" name="runScenario" class="cucumber.api.testng.AbstractTestNGCucumberTests"/>
      </group> <!-- cucumber -->
    </groups>
    <test name="Default test" duration-ms="112758" started-at="2020-04-24T18:55:12 IST" finished-at="2020-04-24T18:57:04 IST">
      <class name="TestRunner.TestRun">
        <test-method status="PASS" signature="setUpClass()[pri:0, instance:TestRunner.TestRun@6ebc05a6]" name="setUpClass" is-config="true" duration-ms="502" started-at="2020-04-24T18:55:12 IST" finished-at="2020-04-24T18:55:12 IST">
          <reporter-output>
          </reporter-output>
        </test-method> <!-- setUpClass -->
        <test-method status="PASS" signature="runScenario(cucumber.api.testng.PickleEventWrapper, cucumber.api.testng.CucumberFeatureWrapper)[pri:0, instance:TestRunner.TestRun@6ebc05a6]" name="runScenario" duration-ms="82144" started-at="2020-04-24T18:55:12 IST" description="Runs Cucumber Scenarios" data-provider="scenarios" finished-at="2020-04-24T18:56:35 IST">
          <params>
            <param index="0">
              <value>
                <![CDATA["Add new Customer"]]>
              </value>
            </param>
            <param index="1">
              <value>
                <![CDATA["Customers"]]>
              </value>
            </param>
          </params>
          <reporter-output>
          </reporter-output>
        </test-method> <!-- runScenario -->
        <test-method status="PASS" signature="runScenario(cucumber.api.testng.PickleEventWrapper, cucumber.api.testng.CucumberFeatureWrapper)[pri:0, instance:TestRunner.TestRun@6ebc05a6]" name="runScenario" duration-ms="29671" started-at="2020-04-24T18:56:35 IST" description="Runs Cucumber Scenarios" data-provider="scenarios" finished-at="2020-04-24T18:57:04 IST">
          <params>
            <param index="0">
              <value>
                <![CDATA["Successful login with valid credentials"]]>
              </value>
            </param>
            <param index="1">
              <value>
                <![CDATA["Login"]]>
              </value>
            </param>
          </params>
          <reporter-output>
          </reporter-output>
        </test-method> <!-- runScenario -->
        <test-method status="PASS" signature="tearDownClass()[pri:0, instance:TestRunner.TestRun@6ebc05a6]" name="tearDownClass" is-config="true" duration-ms="159" started-at="2020-04-24T18:57:04 IST" finished-at="2020-04-24T18:57:04 IST">
          <reporter-output>
          </reporter-output>
        </test-method> <!-- tearDownClass -->
      </class> <!-- TestRunner.TestRun -->
    </test> <!-- Default test -->
  </suite> <!-- Default suite -->
</testng-results>
