<?xml version="1.0" encoding="UTF-8"?>
<testng-results skipped="0" failed="0" ignored="0" total="1" passed="1">
  <reporter-output>
  </reporter-output>
  <suite name="Default suite" duration-ms="58737" started-at="2020-04-16T20:53:22 IST" finished-at="2020-04-16T20:54:21 IST">
    <groups>
      <group name="cucumber">
        <method signature="AbstractTestNGCucumberTests.runScenario(cucumber.api.testng.PickleEventWrapper, cucumber.api.testng.CucumberFeatureWrapper)[pri:0, instance:TestRunner.TestRun@6ebc05a6]" name="runScenario" class="cucumber.api.testng.AbstractTestNGCucumberTests"/>
      </group> <!-- cucumber -->
    </groups>
    <test name="Default test" duration-ms="58737" started-at="2020-04-16T20:53:22 IST" finished-at="2020-04-16T20:54:21 IST">
      <class name="TestRunner.TestRun">
        <test-method status="PASS" signature="setUpClass()[pri:0, instance:TestRunner.TestRun@6ebc05a6]" name="setUpClass" is-config="true" duration-ms="402" started-at="2020-04-16T20:53:22 IST" finished-at="2020-04-16T20:53:23 IST">
          <reporter-output>
          </reporter-output>
        </test-method> <!-- setUpClass -->
        <test-method status="PASS" signature="runScenario(cucumber.api.testng.PickleEventWrapper, cucumber.api.testng.CucumberFeatureWrapper)[pri:0, instance:TestRunner.TestRun@6ebc05a6]" name="runScenario" duration-ms="58015" started-at="2020-04-16T20:53:23 IST" description="Runs Cucumber Scenarios" data-provider="scenarios" finished-at="2020-04-16T20:54:21 IST">
          <params>
            <param index="0">
              <value>
                <![CDATA["Add new Customer"]]>
              </value>
            </param>
            <param index="1">
              <value>
                <![CDATA["Customers"]]>
              </value>
            </param>
          </params>
          <reporter-output>
          </reporter-output>
        </test-method> <!-- runScenario -->
        <test-method status="PASS" signature="tearDownClass()[pri:0, instance:TestRunner.TestRun@6ebc05a6]" name="tearDownClass" is-config="true" duration-ms="85" started-at="2020-04-16T20:54:21 IST" finished-at="2020-04-16T20:54:21 IST">
          <reporter-output>
          </reporter-output>
        </test-method> <!-- tearDownClass -->
      </class> <!-- TestRunner.TestRun -->
    </test> <!-- Default test -->
  </suite> <!-- Default suite -->
</testng-results>
