<?xml version="1.0" encoding="UTF-8"?>
<!-- Generated by org.testng.reporters.JUnitXMLReporter -->
<testsuite hostname="Sathya-PC" ignored="0" name="Default test" tests="2" failures="0" timestamp="2020-04-24T18:57:04 IST" time="112.758" errors="0">
  <testcase name="runScenario" time="82.144" classname="cucumber.api.testng.AbstractTestNGCucumberTests"/>
  <testcase name="runScenario" time="29.671" classname="cucumber.api.testng.AbstractTestNGCucumberTests"/>
</testsuite> <!-- Default test -->
